<?xml version="1.0" encoding="UTF-8"?>
<testng-results total="2" passed="2" failed="0" skipped="0">
  <reporter-output>
  </reporter-output>
  <suite started-at="2025-06-13T05:59:51Z" name="Default suite" finished-at="2025-06-13T06:05:34Z" duration-ms="342530">
    <groups>
    </groups>
    <test started-at="2025-06-13T05:59:51Z" name="Default test" finished-at="2025-06-13T06:05:34Z" duration-ms="342530">
      <class name="Login.VerifyLogin">
        <test-method is-config="true" signature="setup()[pri:0, instance:Login.VerifyLogin@7ba63fe5]" started-at="2025-06-13T11:29:51Z" name="setup" finished-at="2025-06-13T11:30:03Z" duration-ms="11158" status="PASS">
          <reporter-output>
          </reporter-output>
        </test-method> <!-- setup -->
        <test-method signature="verifyQuestions()[pri:0, instance:Login.VerifyLogin@7ba63fe5]" started-at="2025-06-13T11:30:03Z" name="verifyQuestions" finished-at="2025-06-13T11:35:33Z" duration-ms="330323" status="PASS">
          <reporter-output>
          </reporter-output>
        </test-method> <!-- verifyQuestions -->
        <test-method is-config="true" signature="captureScreenshotOnFailure(org.testng.ITestResult)[pri:0, instance:Login.VerifyLogin@7ba63fe5]" started-at="2025-06-13T11:35:33Z" name="captureScreenshotOnFailure" finished-at="2025-06-13T11:35:33Z" duration-ms="0" status="PASS">
          <params>
            <param index="0">
              <value>
                <![CDATA[[TestResult name=verifyQuestions status=SUCCESS method=VerifyLogin.verifyQuestions()[pri:0, instance:Login.VerifyLogin@7ba63fe5] output={null}]]]>
              </value>
            </param>
          </params>
          <reporter-output>
          </reporter-output>
        </test-method> <!-- captureScreenshotOnFailure -->
        <test-method signature="verifyGetAllText()[pri:0, instance:Login.VerifyLogin@7ba63fe5]" started-at="2025-06-13T11:35:33Z" name="verifyGetAllText" finished-at="2025-06-13T11:35:33Z" duration-ms="178" status="PASS">
          <reporter-output>
          </reporter-output>
        </test-method> <!-- verifyGetAllText -->
        <test-method is-config="true" signature="captureScreenshotOnFailure(org.testng.ITestResult)[pri:0, instance:Login.VerifyLogin@7ba63fe5]" started-at="2025-06-13T11:35:33Z" name="captureScreenshotOnFailure" finished-at="2025-06-13T11:35:33Z" duration-ms="0" status="PASS">
          <params>
            <param index="0">
              <value>
                <![CDATA[[TestResult name=verifyGetAllText status=SUCCESS method=VerifyLogin.verifyGetAllText()[pri:0, instance:Login.VerifyLogin@7ba63fe5] output={null}]]]>
              </value>
            </param>
          </params>
          <reporter-output>
          </reporter-output>
        </test-method> <!-- captureScreenshotOnFailure -->
        <test-method is-config="true" signature="tearDown()[pri:0, instance:Login.VerifyLogin@7ba63fe5]" started-at="2025-06-13T11:35:33Z" name="tearDown" finished-at="2025-06-13T11:35:34Z" duration-ms="648" status="PASS">
          <reporter-output>
          </reporter-output>
        </test-method> <!-- tearDown -->
      </class> <!-- Login.VerifyLogin -->
    </test> <!-- Default test -->
  </suite> <!-- Default suite -->
</testng-results>
